<?xml version="1.0" encoding="UTF-8"?>
<testsuite xmlns:xsi="http://www.w3.org/2001/XMLSchema-instance" xsi:noNamespaceSchemaLocation="https://maven.apache.org/surefire/maven-surefire-plugin/xsd/surefire-test-report.xsd" name="emidio.trabalho.AppTest" time="0.063" tests="8" errors="0" skipped="0" failures="1">
  <properties>
    <property name="java.specification.version" value="24"/>
    <property name="sun.cpu.isalist" value="amd64"/>
    <property name="sun.jnu.encoding" value="Cp1252"/>
    <property name="java.class.path" value="C:\Users\Emidio\Desktop\teste\target\test-classes;C:\Users\Emidio\Desktop\teste\target\classes;C:\Users\Emidio\.m2\repository\junit\junit\4.11\junit-4.11.jar;C:\Users\Emidio\.m2\repository\org\hamcrest\hamcrest-core\1.3\hamcrest-core-1.3.jar;"/>
    <property name="java.vm.vendor" value="Oracle Corporation"/>
    <property name="sun.arch.data.model" value="64"/>
    <property name="user.variant" value=""/>
    <property name="java.vendor.url" value="https://java.oracle.com/"/>
    <property name="user.timezone" value="America/Sao_Paulo"/>
    <property name="os.name" value="Windows 10"/>
    <property name="java.vm.specification.version" value="24"/>
    <property name="sun.java.launcher" value="SUN_STANDARD"/>
    <property name="user.country" value="BR"/>
    <property name="sun.boot.library.path" value="C:\Program Files\Java\jdk-24\bin"/>
    <property name="sun.java.command" value="C:\Users\Emidio\AppData\Local\Temp\surefire6676990479389445328\surefirebooter12362464928374957774.jar C:\Users\Emidio\AppData\Local\Temp\surefire6676990479389445328 2025-05-14T21-38-24_703-jvmRun1 surefire9086762471843401829tmp surefire_010788196368854875976tmp"/>
    <property name="jdk.debug" value="release"/>
    <property name="surefire.test.class.path" value="C:\Users\Emidio\Desktop\teste\target\test-classes;C:\Users\Emidio\Desktop\teste\target\classes;C:\Users\Emidio\.m2\repository\junit\junit\4.11\junit-4.11.jar;C:\Users\Emidio\.m2\repository\org\hamcrest\hamcrest-core\1.3\hamcrest-core-1.3.jar;"/>
    <property name="sun.cpu.endian" value="little"/>
    <property name="user.home" value="C:\Users\Emidio"/>
    <property name="user.language" value="pt"/>
    <property name="java.specification.vendor" value="Oracle Corporation"/>
    <property name="java.version.date" value="2025-04-15"/>
    <property name="java.home" value="C:\Program Files\Java\jdk-24"/>
    <property name="file.separator" value="\"/>
    <property name="basedir" value="C:\Users\Emidio\Desktop\teste"/>
    <property name="java.vm.compressedOopsMode" value="Zero based"/>
    <property name="line.separator" value="&#10;"/>
    <property name="java.vm.specification.vendor" value="Oracle Corporation"/>
    <property name="java.specification.name" value="Java Platform API Specification"/>
    <property name="surefire.real.class.path" value="C:\Users\Emidio\AppData\Local\Temp\surefire6676990479389445328\surefirebooter12362464928374957774.jar"/>
    <property name="user.script" value=""/>
    <property name="sun.management.compiler" value="HotSpot 64-Bit Tiered Compilers"/>
    <property name="java.runtime.version" value="24.0.1+9-30"/>
    <property name="user.name" value="Emidio"/>
    <property name="stdout.encoding" value="Cp1252"/>
    <property name="path.separator" value=";"/>
    <property name="os.version" value="10.0"/>
    <property name="java.runtime.name" value="Java(TM) SE Runtime Environment"/>
    <property name="file.encoding" value="UTF-8"/>
    <property name="java.vm.name" value="Java HotSpot(TM) 64-Bit Server VM"/>
    <property name="localRepository" value="C:\Users\Emidio\.m2\repository"/>
    <property name="java.vendor.url.bug" value="https://bugreport.java.com/bugreport/"/>
    <property name="java.io.tmpdir" value="C:\Users\Emidio\AppData\Local\Temp\"/>
    <property name="java.version" value="24.0.1"/>
    <property name="user.dir" value="C:\Users\Emidio\Desktop\teste"/>
    <property name="os.arch" value="amd64"/>
    <property name="java.vm.specification.name" value="Java Virtual Machine Specification"/>
    <property name="sun.os.patch.level" value=""/>
    <property name="native.encoding" value="Cp1252"/>
    <property name="java.library.path" value="C:\Program Files\Java\jdk-24\bin;C:\Windows\Sun\Java\bin;C:\Windows\system32;C:\Windows;C:\Program Files\Common Files\Oracle\Java\javapath;C:\Program Files (x86)\Common Files\Oracle\Java\java8path;C:\Program Files (x86)\Common Files\Oracle\Java\javapath;C:\Windows\system32;C:\Windows;C:\Windows\System32\Wbem;C:\Windows\System32\WindowsPowerShell\v1.0\;C:\Windows\System32\OpenSSH\;C:\Program Files\dotnet\;C:\Program Files\Git\cmd;C:\Program Files (x86)\Go\bin;C:\Users\Emidio\Desktop\apache-maven-3.9.9-bin\maven\bin;C:\Users\Emidio\AppData\Local\Microsoft\WindowsApps;C:\Users\Emidio\AppData\Local\Programs\Microsoft VS Code\bin;C:\Users\Emidio\go\bin;."/>
    <property name="java.vm.info" value="mixed mode, sharing"/>
    <property name="stderr.encoding" value="Cp1252"/>
    <property name="java.vendor" value="Oracle Corporation"/>
    <property name="java.vm.version" value="24.0.1+9-30"/>
    <property name="sun.io.unicode.encoding" value="UnicodeLittle"/>
    <property name="java.class.version" value="68.0"/>
  </properties>
  <testcase name="testLimiteInferiorReprovado" classname="emidio.trabalho.AppTest" time="0.006"/>
  <testcase name="testNotasIguais" classname="emidio.trabalho.AppTest" time="0"/>
  <testcase name="testFalhaPropositalNoCalculoExame" classname="emidio.trabalho.AppTest" time="0.007">
    <failure message="Values should be different. Actual: Aprovado após exame" type="java.lang.AssertionError">java.lang.AssertionError: Values should be different. Actual: Aprovado após exame
	at emidio.trabalho.AppTest.testFalhaPropositalNoCalculoExame(AppTest.java:50)
</failure>
  </testcase>
  <testcase name="testLimiteSuperiorAprovado" classname="emidio.trabalho.AppTest" time="0"/>
  <testcase name="testNotaAltaComPesoMaiorMasInsuficiente" classname="emidio.trabalho.AppTest" time="0"/>
  <testcase name="testReprovadoDireto" classname="emidio.trabalho.AppTest" time="0"/>
  <testcase name="testVaiParaExame" classname="emidio.trabalho.AppTest" time="0"/>
  <testcase name="testAprovadoDireto" classname="emidio.trabalho.AppTest" time="0"/>
</testsuite>